\BOOKMARK [1][-]{section.1}{Introduction}{}% 1
\BOOKMARK [1][-]{section.2}{Theory}{}% 2
\BOOKMARK [2][-]{subsection.2.1}{Target Functions}{section.2}% 3
\BOOKMARK [3][-]{subsubsection.2.1.1}{Choosing target functions}{subsection.2.1}% 4
\BOOKMARK [3][-]{subsubsection.2.1.2}{Step size function}{subsection.2.1}% 5
\BOOKMARK [3][-]{subsubsection.2.1.3}{Matrix Square Sum}{subsection.2.1}% 6
\BOOKMARK [3][-]{subsubsection.2.1.4}{Negative Entropy}{subsection.2.1}% 7
\BOOKMARK [2][-]{subsection.2.2}{Main Methods}{section.2}% 8
\BOOKMARK [3][-]{subsubsection.2.2.1}{Newton's Method}{subsection.2.2}% 9
\BOOKMARK [3][-]{subsubsection.2.2.2}{Gradient Descent Method}{subsection.2.2}% 10
\BOOKMARK [3][-]{subsubsection.2.2.3}{Conjugate Gradient Method}{subsection.2.2}% 11
\BOOKMARK [3][-]{subsubsection.2.2.4}{Heavy Ball Method}{subsection.2.2}% 12
\BOOKMARK [2][-]{subsection.2.3}{Line Search Methods}{section.2}% 13
\BOOKMARK [3][-]{subsubsection.2.3.1}{Constant Step Size}{subsection.2.3}% 14
\BOOKMARK [3][-]{subsubsection.2.3.2}{Golden Section Search}{subsection.2.3}% 15
\BOOKMARK [3][-]{subsubsection.2.3.3}{Bisection Search}{subsection.2.3}% 16
\BOOKMARK [3][-]{subsubsection.2.3.4}{Dichotomous Search}{subsection.2.3}% 17
\BOOKMARK [3][-]{subsubsection.2.3.5}{Fibonacci Search}{subsection.2.3}% 18
\BOOKMARK [3][-]{subsubsection.2.3.6}{Uniform Search}{subsection.2.3}% 19
\BOOKMARK [3][-]{subsubsection.2.3.7}{Newton's Search}{subsection.2.3}% 20
\BOOKMARK [3][-]{subsubsection.2.3.8}{Armijo's Search}{subsection.2.3}% 21
\BOOKMARK [1][-]{section.3}{Methods}{}% 22
\BOOKMARK [2][-]{subsubsection.3.0.1}{Comparing Performance}{section.3}% 23
\BOOKMARK [1][-]{section.4}{Results}{}% 24
\BOOKMARK [2][-]{subsection.4.1}{Analysis}{section.4}% 25
\BOOKMARK [1][-]{section.5}{Conclusion and Future Research}{}% 26
\BOOKMARK [1][-]{section.6}{Attachments}{}% 27
\BOOKMARK [2][-]{subsection.6.1}{Constant Search}{section.6}% 28
\BOOKMARK [2][-]{subsection.6.2}{Golden Section Search}{section.6}% 29
\BOOKMARK [2][-]{subsection.6.3}{Bisection Search}{section.6}% 30
\BOOKMARK [2][-]{subsection.6.4}{Dichotomous Search}{section.6}% 31
\BOOKMARK [2][-]{subsection.6.5}{Fibonacci Search}{section.6}% 32
\BOOKMARK [2][-]{subsection.6.6}{Uniform Search}{section.6}% 33
\BOOKMARK [2][-]{subsection.6.7}{Newton's Search}{section.6}% 34
\BOOKMARK [2][-]{subsection.6.8}{Armijo's Search}{section.6}% 35
